<?xml version="1.0" encoding="UTF-8"?>
<!-- Generated by org.testng.reporters.JUnitXMLReporter -->
<testsuite hostname="bittechs-imac-3.lan" ignored="5" name="anything" tests="2" failures="0" timestamp="13 Sep 2018 00:44:18 GMT" time="3.301" errors="0">
  <testcase name="@BeforeClass beforeClass" time="0.0" classname="com.bit.ui.test.BaseTest">
    <failure type="java.lang.NullPointerException">
      <![CDATA[java.lang.NullPointerException
at com.bit.ui.test.BaseTest.beforeClass(BaseTest.java:58)
... Removed 26 stack frames]]>
    </failure>
  </testcase> <!-- @BeforeClass beforeClass -->
  <testcase name="@BeforeMethod beforeMethod" time="0.0" classname="com.bit.ui.test.BaseTest">
    <skipped/>
  </testcase> <!-- @BeforeMethod beforeMethod -->
  <testcase name="@AfterMethod afterMethod" time="0.0" classname="com.bit.ui.test.BaseTest">
    <skipped/>
  </testcase> <!-- @AfterMethod afterMethod -->
  <testcase name="@AfterClass afterClass" time="0.0" classname="com.bit.ui.test.BaseTest">
    <skipped/>
  </testcase> <!-- @AfterClass afterClass -->
  <testcase name="test1" time="0.004" classname="com.bit.ui.test.SmokeTest"/>
  <testcase name="test3" time="0.0" classname="com.bit.ui.test.RegresionTest">
    <skipped/>
  </testcase> <!-- test3 -->
  <testcase name="test2" time="0.0" classname="com.bit.ui.test.SmokeTest">
    <ignored/>
  </testcase> <!-- test2 -->
  <testcase name="@AfterSuite afterSuite" time="0.0" classname="com.bit.ui.test.BaseTest">
    <ignored/>
  </testcase> <!-- @AfterSuite afterSuite -->
  <testcase name="@BeforeSuite beforeSuite" time="0.0" classname="com.bit.ui.test.BaseTest">
    <ignored/>
  </testcase> <!-- @BeforeSuite beforeSuite -->
  <testcase name="@AfterTest afterTest" time="0.0" classname="com.bit.ui.test.BaseTest">
    <ignored/>
  </testcase> <!-- @AfterTest afterTest -->
  <testcase name="@BeforeTest beforeTest" time="0.0" classname="com.bit.ui.test.BaseTest">
    <ignored/>
  </testcase> <!-- @BeforeTest beforeTest -->
</testsuite> <!-- anything -->
