<?xml version="1.0" encoding="UTF-8"?>
<!-- Generated by org.testng.reporters.JUnitXMLReporter -->
<testsuite hostname="bittechs-imac-3.lan" ignored="2" name="goYahoo1" tests="1" failures="0" timestamp="15 Oct 2018 23:47:18 GMT" time="14.688" errors="0">
  <testcase name="goYahoo" time="6.698" classname="com.bit.ui.test.SmokeTest"/>
  <testcase name="test2" time="0.0" classname="com.bit.ui.test.SmokeTest">
    <ignored/>
  </testcase> <!-- test2 -->
  <testcase name="test1" time="0.0" classname="com.bit.ui.test.SmokeTest">
    <ignored/>
  </testcase> <!-- test1 -->
</testsuite> <!-- goYahoo1 -->
