<?xml version="1.0" encoding="UTF-8"?>
<!-- Generated by org.testng.reporters.JUnitXMLReporter -->
<testsuite hostname="bittechs-imac-3.lan" ignored="3" name="some" tests="4" failures="0" timestamp="17 Sep 2018 23:12:34 GMT" time="0.1" errors="0">
  <testcase name="test1" time="0.009" classname="com.bit.ui.test.IntegrationTest"/>
  <testcase name="test2" time="0.001" classname="com.bit.ui.test.IntegrationTest"/>
  <testcase name="test3" time="0.001" classname="com.bit.ui.test.RegresionTest"/>
  <testcase name="test1" time="0.001" classname="com.bit.ui.test.SmokeTest"/>
  <testcase name="test2" time="0.0" classname="com.bit.ui.test.SmokeTest">
    <ignored/>
  </testcase> <!-- test2 -->
  <testcase name="goYahoo" time="0.0" classname="com.bit.ui.test.SmokeTest">
    <ignored/>
  </testcase> <!-- goYahoo -->
  <testcase name="goGoogle" time="0.0" classname="com.bit.ui.test.RegresionTest">
    <ignored/>
  </testcase> <!-- goGoogle -->
</testsuite> <!-- some -->
