<?xml version="1.0" encoding="UTF-8"?>
<!-- Generated by org.testng.reporters.JUnitXMLReporter -->
<testsuite hostname="bittechs-imac-3.lan" ignored="1" name="test3" tests="3" failures="0" timestamp="18 Sep 2018 00:17:48 GMT" time="11.948" errors="0">
  <testcase name="getData" time="6.341" classname="com.bit.ui.test.RegresionTest"/>
  <testcase name="getData" time="4.109" classname="com.bit.ui.test.RegresionTest"/>
  <testcase name="goGoogle" time="1.441" classname="com.bit.ui.test.RegresionTest"/>
  <testcase name="test3" time="0.0" classname="com.bit.ui.test.RegresionTest">
    <ignored/>
  </testcase> <!-- test3 -->
</testsuite> <!-- test3 -->
